-- The C compiler identification is GNU 11.4.0
-- The CXX compiler identification is GNU 11.4.0
-- Detecting C compiler ABI info
-- Detecting C compiler ABI info - done
-- Check for working C compiler: /usr/bin/cc - skipped
-- Detecting C compile features
-- Detecting C compile features - done
-- Detecting CXX compiler ABI info
-- Detecting CXX compiler ABI info - done
-- Check for working CXX compiler: /usr/bin/c++ - skipped
-- Detecting CXX compile features
-- Detecting CXX compile features - done
-- Found ament_cmake: 1.3.12 (/opt/ros/humble/share/ament_cmake/cmake)
-- Found Python3: /usr/bin/python3 (found version "3.10.12") found components: Interpreter 
-- Found rclcpp: 16.0.15 (/opt/ros/humble/share/rclcpp/cmake)
-- Found rosidl_generator_c: 3.1.7 (/opt/ros/humble/share/rosidl_generator_c/cmake)
-- Found rosidl_adapter: 3.1.7 (/opt/ros/humble/share/rosidl_adapter/cmake)
-- Found rosidl_generator_cpp: 3.1.7 (/opt/ros/humble/share/rosidl_generator_cpp/cmake)
-- Using all available rosidl_typesupport_c: rosidl_typesupport_fastrtps_c;rosidl_typesupport_introspection_c
-- Using all available rosidl_typesupport_cpp: rosidl_typesupport_fastrtps_cpp;rosidl_typesupport_introspection_cpp
-- Found rmw_implementation_cmake: 6.1.2 (/opt/ros/humble/share/rmw_implementation_cmake/cmake)
-- Found rmw_cyclonedds_cpp: 1.3.4 (/opt/ros/humble/share/rmw_cyclonedds_cpp/cmake)
-- Using RMW implementation 'rmw_cyclonedds_cpp' as default
-- Looking for pthread.h
-- Looking for pthread.h - found
-- Performing Test CMAKE_HAVE_LIBC_PTHREAD
-- Performing Test CMAKE_HAVE_LIBC_PTHREAD - Success
-- Found Threads: TRUE  
-- Found sensor_msgs: 4.9.0 (/opt/ros/humble/share/sensor_msgs/cmake)
-- Configuring done
-- Generating done
-- Build files have been written to: /home/amata/ros2_ws/src/tb3_obstacle_avoidance/build/tb3_obstacle_avoidance
[ 50%] [32mBuilding CXX object CMakeFiles/obstacle_avoidance_node.dir/src/obstacle_avoidance_node.cpp.o[0m
[100%] [32m[1mLinking CXX executable obstacle_avoidance_node[0m
[100%] Built target obstacle_avoidance_node
-- Install configuration: ""
-- Installing: /home/amata/ros2_ws/src/tb3_obstacle_avoidance/install/tb3_obstacle_avoidance/lib/tb3_obstacle_avoidance/obstacle_avoidance_node
-- Set runtime path of "/home/amata/ros2_ws/src/tb3_obstacle_avoidance/install/tb3_obstacle_avoidance/lib/tb3_obstacle_avoidance/obstacle_avoidance_node" to ""
-- Installing: /home/amata/ros2_ws/src/tb3_obstacle_avoidance/install/tb3_obstacle_avoidance/share/tb3_obstacle_avoidance/launch
-- Installing: /home/amata/ros2_ws/src/tb3_obstacle_avoidance/install/tb3_obstacle_avoidance/share/tb3_obstacle_avoidance/launch/office_slam_toolbox.launch.py
-- Installing: /home/amata/ros2_ws/src/tb3_obstacle_avoidance/install/tb3_obstacle_avoidance/share/tb3_obstacle_avoidance/launch/warehouse_slam_toolbox.launch.py
-- Installing: /home/amata/ros2_ws/src/tb3_obstacle_avoidance/install/tb3_obstacle_avoidance/share/tb3_obstacle_avoidance/launch/home_mapping.launch.py
-- Installing: /home/amata/ros2_ws/src/tb3_obstacle_avoidance/install/tb3_obstacle_avoidance/share/tb3_obstacle_avoidance/launch/sim_tb3_nav2_avoidance.launch.py
-- Installing: /home/amata/ros2_ws/src/tb3_obstacle_avoidance/install/tb3_obstacle_avoidance/share/tb3_obstacle_avoidance/launch/sim_tb3_avoidance.launch.py
-- Installing: /home/amata/ros2_ws/src/tb3_obstacle_avoidance/install/tb3_obstacle_avoidance/share/tb3_obstacle_avoidance/launch/home_slam_toolbox.launch.py
-- Installing: /home/amata/ros2_ws/src/tb3_obstacle_avoidance/install/tb3_obstacle_avoidance/share/tb3_obstacle_avoidance/config
-- Installing: /home/amata/ros2_ws/src/tb3_obstacle_avoidance/install/tb3_obstacle_avoidance/share/tb3_obstacle_avoidance/config/rviz
-- Installing: /home/amata/ros2_ws/src/tb3_obstacle_avoidance/install/tb3_obstacle_avoidance/share/tb3_obstacle_avoidance/config/rviz/tb3_mapping.rviz
-- Installing: /home/amata/ros2_ws/src/tb3_obstacle_avoidance/install/tb3_obstacle_avoidance/share/tb3_obstacle_avoidance/config/obstacle_avoidance.yaml
-- Installing: /home/amata/ros2_ws/src/tb3_obstacle_avoidance/install/tb3_obstacle_avoidance/share/tb3_obstacle_avoidance/worlds
-- Installing: /home/amata/ros2_ws/src/tb3_obstacle_avoidance/install/tb3_obstacle_avoidance/share/tb3_obstacle_avoidance/worlds/office.world
-- Installing: /home/amata/ros2_ws/src/tb3_obstacle_avoidance/install/tb3_obstacle_avoidance/share/tb3_obstacle_avoidance/worlds/home.world
-- Installing: /home/amata/ros2_ws/src/tb3_obstacle_avoidance/install/tb3_obstacle_avoidance/share/tb3_obstacle_avoidance/worlds/warehouse.world
-- Installing: /home/amata/ros2_ws/src/tb3_obstacle_avoidance/install/tb3_obstacle_avoidance/share/ament_index/resource_index/package_run_dependencies/tb3_obstacle_avoidance
-- Installing: /home/amata/ros2_ws/src/tb3_obstacle_avoidance/install/tb3_obstacle_avoidance/share/ament_index/resource_index/parent_prefix_path/tb3_obstacle_avoidance
-- Installing: /home/amata/ros2_ws/src/tb3_obstacle_avoidance/install/tb3_obstacle_avoidance/share/tb3_obstacle_avoidance/environment/ament_prefix_path.sh
-- Installing: /home/amata/ros2_ws/src/tb3_obstacle_avoidance/install/tb3_obstacle_avoidance/share/tb3_obstacle_avoidance/environment/ament_prefix_path.dsv
-- Installing: /home/amata/ros2_ws/src/tb3_obstacle_avoidance/install/tb3_obstacle_avoidance/share/tb3_obstacle_avoidance/environment/path.sh
-- Installing: /home/amata/ros2_ws/src/tb3_obstacle_avoidance/install/tb3_obstacle_avoidance/share/tb3_obstacle_avoidance/environment/path.dsv
-- Installing: /home/amata/ros2_ws/src/tb3_obstacle_avoidance/install/tb3_obstacle_avoidance/share/tb3_obstacle_avoidance/local_setup.bash
-- Installing: /home/amata/ros2_ws/src/tb3_obstacle_avoidance/install/tb3_obstacle_avoidance/share/tb3_obstacle_avoidance/local_setup.sh
-- Installing: /home/amata/ros2_ws/src/tb3_obstacle_avoidance/install/tb3_obstacle_avoidance/share/tb3_obstacle_avoidance/local_setup.zsh
-- Installing: /home/amata/ros2_ws/src/tb3_obstacle_avoidance/install/tb3_obstacle_avoidance/share/tb3_obstacle_avoidance/local_setup.dsv
-- Installing: /home/amata/ros2_ws/src/tb3_obstacle_avoidance/install/tb3_obstacle_avoidance/share/tb3_obstacle_avoidance/package.dsv
-- Installing: /home/amata/ros2_ws/src/tb3_obstacle_avoidance/install/tb3_obstacle_avoidance/share/ament_index/resource_index/packages/tb3_obstacle_avoidance
-- Installing: /home/amata/ros2_ws/src/tb3_obstacle_avoidance/install/tb3_obstacle_avoidance/share/tb3_obstacle_avoidance/cmake/tb3_obstacle_avoidanceConfig.cmake
-- Installing: /home/amata/ros2_ws/src/tb3_obstacle_avoidance/install/tb3_obstacle_avoidance/share/tb3_obstacle_avoidance/cmake/tb3_obstacle_avoidanceConfig-version.cmake
-- Installing: /home/amata/ros2_ws/src/tb3_obstacle_avoidance/install/tb3_obstacle_avoidance/share/tb3_obstacle_avoidance/package.xml
