[0.011s] Invoking command in '/home/amata/ros2_ws/src/tb3_obstacle_avoidance/build/tb3_obstacle_avoidance': CMAKE_PREFIX_PATH=${CMAKE_PREFIX_PATH}:/opt/ros/humble /usr/bin/cmake /home/amata/ros2_ws/src/tb3_obstacle_avoidance -DCMAKE_INSTALL_PREFIX=/home/amata/ros2_ws/src/tb3_obstacle_avoidance/install/tb3_obstacle_avoidance
[0.196s] -- The C compiler identification is GNU 11.4.0
[0.271s] -- The CXX compiler identification is GNU 11.4.0
[0.286s] -- Detecting C compiler ABI info
[0.382s] -- Detecting C compiler ABI info - done
[0.390s] -- Check for working C compiler: /usr/bin/cc - skipped
[0.391s] -- Detecting C compile features
[0.392s] -- Detecting C compile features - done
[0.398s] -- Detecting CXX compiler ABI info
[0.500s] -- Detecting CXX compiler ABI info - done
[0.509s] -- Check for working CXX compiler: /usr/bin/c++ - skipped
[0.509s] -- Detecting CXX compile features
[0.509s] -- Detecting CXX compile features - done
[0.517s] -- Found ament_cmake: 1.3.12 (/opt/ros/humble/share/ament_cmake/cmake)
[0.697s] -- Found Python3: /usr/bin/python3 (found version "3.10.12") found components: Interpreter 
[0.872s] -- Found rclcpp: 16.0.15 (/opt/ros/humble/share/rclcpp/cmake)
[1.001s] -- Found rosidl_generator_c: 3.1.7 (/opt/ros/humble/share/rosidl_generator_c/cmake)
[1.018s] -- Found rosidl_adapter: 3.1.7 (/opt/ros/humble/share/rosidl_adapter/cmake)
[1.043s] -- Found rosidl_generator_cpp: 3.1.7 (/opt/ros/humble/share/rosidl_generator_cpp/cmake)
[1.085s] -- Using all available rosidl_typesupport_c: rosidl_typesupport_fastrtps_c;rosidl_typesupport_introspection_c
[1.126s] -- Using all available rosidl_typesupport_cpp: rosidl_typesupport_fastrtps_cpp;rosidl_typesupport_introspection_cpp
[1.236s] -- Found rmw_implementation_cmake: 6.1.2 (/opt/ros/humble/share/rmw_implementation_cmake/cmake)
[1.243s] -- Found rmw_cyclonedds_cpp: 1.3.4 (/opt/ros/humble/share/rmw_cyclonedds_cpp/cmake)
[1.303s] -- Using RMW implementation 'rmw_cyclonedds_cpp' as default
[1.325s] -- Looking for pthread.h
[1.461s] -- Looking for pthread.h - found
[1.461s] -- Performing Test CMAKE_HAVE_LIBC_PTHREAD
[1.555s] -- Performing Test CMAKE_HAVE_LIBC_PTHREAD - Success
[1.556s] -- Found Threads: TRUE  
[1.677s] -- Found sensor_msgs: 4.9.0 (/opt/ros/humble/share/sensor_msgs/cmake)
[1.817s] -- Configuring done
[1.829s] -- Generating done
[1.833s] -- Build files have been written to: /home/amata/ros2_ws/src/tb3_obstacle_avoidance/build/tb3_obstacle_avoidance
[1.843s] Invoked command in '/home/amata/ros2_ws/src/tb3_obstacle_avoidance/build/tb3_obstacle_avoidance' returned '0': CMAKE_PREFIX_PATH=${CMAKE_PREFIX_PATH}:/opt/ros/humble /usr/bin/cmake /home/amata/ros2_ws/src/tb3_obstacle_avoidance -DCMAKE_INSTALL_PREFIX=/home/amata/ros2_ws/src/tb3_obstacle_avoidance/install/tb3_obstacle_avoidance
[1.845s] Invoking command in '/home/amata/ros2_ws/src/tb3_obstacle_avoidance/build/tb3_obstacle_avoidance': CMAKE_PREFIX_PATH=${CMAKE_PREFIX_PATH}:/opt/ros/humble /usr/bin/cmake --build /home/amata/ros2_ws/src/tb3_obstacle_avoidance/build/tb3_obstacle_avoidance -- -j8 -l8
[1.907s] [ 50%] [32mBuilding CXX object CMakeFiles/obstacle_avoidance_node.dir/src/obstacle_avoidance_node.cpp.o[0m
[11.227s] [100%] [32m[1mLinking CXX executable obstacle_avoidance_node[0m
[11.714s] [100%] Built target obstacle_avoidance_node
[11.728s] Invoked command in '/home/amata/ros2_ws/src/tb3_obstacle_avoidance/build/tb3_obstacle_avoidance' returned '0': CMAKE_PREFIX_PATH=${CMAKE_PREFIX_PATH}:/opt/ros/humble /usr/bin/cmake --build /home/amata/ros2_ws/src/tb3_obstacle_avoidance/build/tb3_obstacle_avoidance -- -j8 -l8
[11.740s] Invoking command in '/home/amata/ros2_ws/src/tb3_obstacle_avoidance/build/tb3_obstacle_avoidance': CMAKE_PREFIX_PATH=${CMAKE_PREFIX_PATH}:/opt/ros/humble /usr/bin/cmake --install /home/amata/ros2_ws/src/tb3_obstacle_avoidance/build/tb3_obstacle_avoidance
[11.750s] -- Install configuration: ""
[11.750s] -- Installing: /home/amata/ros2_ws/src/tb3_obstacle_avoidance/install/tb3_obstacle_avoidance/lib/tb3_obstacle_avoidance/obstacle_avoidance_node
[11.754s] -- Set runtime path of "/home/amata/ros2_ws/src/tb3_obstacle_avoidance/install/tb3_obstacle_avoidance/lib/tb3_obstacle_avoidance/obstacle_avoidance_node" to ""
[11.754s] -- Installing: /home/amata/ros2_ws/src/tb3_obstacle_avoidance/install/tb3_obstacle_avoidance/share/tb3_obstacle_avoidance/launch
[11.755s] -- Installing: /home/amata/ros2_ws/src/tb3_obstacle_avoidance/install/tb3_obstacle_avoidance/share/tb3_obstacle_avoidance/launch/office_slam_toolbox.launch.py
[11.755s] -- Installing: /home/amata/ros2_ws/src/tb3_obstacle_avoidance/install/tb3_obstacle_avoidance/share/tb3_obstacle_avoidance/launch/warehouse_slam_toolbox.launch.py
[11.755s] -- Installing: /home/amata/ros2_ws/src/tb3_obstacle_avoidance/install/tb3_obstacle_avoidance/share/tb3_obstacle_avoidance/launch/home_mapping.launch.py
[11.755s] -- Installing: /home/amata/ros2_ws/src/tb3_obstacle_avoidance/install/tb3_obstacle_avoidance/share/tb3_obstacle_avoidance/launch/sim_tb3_nav2_avoidance.launch.py
[11.755s] -- Installing: /home/amata/ros2_ws/src/tb3_obstacle_avoidance/install/tb3_obstacle_avoidance/share/tb3_obstacle_avoidance/launch/sim_tb3_avoidance.launch.py
[11.755s] -- Installing: /home/amata/ros2_ws/src/tb3_obstacle_avoidance/install/tb3_obstacle_avoidance/share/tb3_obstacle_avoidance/launch/home_slam_toolbox.launch.py
[11.755s] -- Installing: /home/amata/ros2_ws/src/tb3_obstacle_avoidance/install/tb3_obstacle_avoidance/share/tb3_obstacle_avoidance/config
[11.755s] -- Installing: /home/amata/ros2_ws/src/tb3_obstacle_avoidance/install/tb3_obstacle_avoidance/share/tb3_obstacle_avoidance/config/rviz
[11.755s] -- Installing: /home/amata/ros2_ws/src/tb3_obstacle_avoidance/install/tb3_obstacle_avoidance/share/tb3_obstacle_avoidance/config/rviz/tb3_mapping.rviz
[11.755s] -- Installing: /home/amata/ros2_ws/src/tb3_obstacle_avoidance/install/tb3_obstacle_avoidance/share/tb3_obstacle_avoidance/config/obstacle_avoidance.yaml
[11.756s] -- Installing: /home/amata/ros2_ws/src/tb3_obstacle_avoidance/install/tb3_obstacle_avoidance/share/tb3_obstacle_avoidance/worlds
[11.756s] -- Installing: /home/amata/ros2_ws/src/tb3_obstacle_avoidance/install/tb3_obstacle_avoidance/share/tb3_obstacle_avoidance/worlds/office.world
[11.756s] -- Installing: /home/amata/ros2_ws/src/tb3_obstacle_avoidance/install/tb3_obstacle_avoidance/share/tb3_obstacle_avoidance/worlds/home.world
[11.756s] -- Installing: /home/amata/ros2_ws/src/tb3_obstacle_avoidance/install/tb3_obstacle_avoidance/share/tb3_obstacle_avoidance/worlds/warehouse.world
[11.756s] -- Installing: /home/amata/ros2_ws/src/tb3_obstacle_avoidance/install/tb3_obstacle_avoidance/share/ament_index/resource_index/package_run_dependencies/tb3_obstacle_avoidance
[11.756s] -- Installing: /home/amata/ros2_ws/src/tb3_obstacle_avoidance/install/tb3_obstacle_avoidance/share/ament_index/resource_index/parent_prefix_path/tb3_obstacle_avoidance
[11.757s] -- Installing: /home/amata/ros2_ws/src/tb3_obstacle_avoidance/install/tb3_obstacle_avoidance/share/tb3_obstacle_avoidance/environment/ament_prefix_path.sh
[11.757s] -- Installing: /home/amata/ros2_ws/src/tb3_obstacle_avoidance/install/tb3_obstacle_avoidance/share/tb3_obstacle_avoidance/environment/ament_prefix_path.dsv
[11.757s] -- Installing: /home/amata/ros2_ws/src/tb3_obstacle_avoidance/install/tb3_obstacle_avoidance/share/tb3_obstacle_avoidance/environment/path.sh
[11.757s] -- Installing: /home/amata/ros2_ws/src/tb3_obstacle_avoidance/install/tb3_obstacle_avoidance/share/tb3_obstacle_avoidance/environment/path.dsv
[11.758s] -- Installing: /home/amata/ros2_ws/src/tb3_obstacle_avoidance/install/tb3_obstacle_avoidance/share/tb3_obstacle_avoidance/local_setup.bash
[11.758s] -- Installing: /home/amata/ros2_ws/src/tb3_obstacle_avoidance/install/tb3_obstacle_avoidance/share/tb3_obstacle_avoidance/local_setup.sh
[11.758s] -- Installing: /home/amata/ros2_ws/src/tb3_obstacle_avoidance/install/tb3_obstacle_avoidance/share/tb3_obstacle_avoidance/local_setup.zsh
[11.758s] -- Installing: /home/amata/ros2_ws/src/tb3_obstacle_avoidance/install/tb3_obstacle_avoidance/share/tb3_obstacle_avoidance/local_setup.dsv
[11.758s] -- Installing: /home/amata/ros2_ws/src/tb3_obstacle_avoidance/install/tb3_obstacle_avoidance/share/tb3_obstacle_avoidance/package.dsv
[11.759s] -- Installing: /home/amata/ros2_ws/src/tb3_obstacle_avoidance/install/tb3_obstacle_avoidance/share/ament_index/resource_index/packages/tb3_obstacle_avoidance
[11.759s] -- Installing: /home/amata/ros2_ws/src/tb3_obstacle_avoidance/install/tb3_obstacle_avoidance/share/tb3_obstacle_avoidance/cmake/tb3_obstacle_avoidanceConfig.cmake
[11.759s] -- Installing: /home/amata/ros2_ws/src/tb3_obstacle_avoidance/install/tb3_obstacle_avoidance/share/tb3_obstacle_avoidance/cmake/tb3_obstacle_avoidanceConfig-version.cmake
[11.759s] -- Installing: /home/amata/ros2_ws/src/tb3_obstacle_avoidance/install/tb3_obstacle_avoidance/share/tb3_obstacle_avoidance/package.xml
[11.761s] Invoked command in '/home/amata/ros2_ws/src/tb3_obstacle_avoidance/build/tb3_obstacle_avoidance' returned '0': CMAKE_PREFIX_PATH=${CMAKE_PREFIX_PATH}:/opt/ros/humble /usr/bin/cmake --install /home/amata/ros2_ws/src/tb3_obstacle_avoidance/build/tb3_obstacle_avoidance
